<?xml version="1.0" encoding="UTF-8"?>
<!-- Generated by org.testng.reporters.JUnitReportReporter -->
<testsuite skipped="0" hostname="Praveen_246" name="DriverFactory.AppTest" tests="1" failures="0" timestamp="21 Jun 2021 12:19:17 GMT" time="117.484" errors="0">
  <testcase name="kickStart" time="117.484" classname="DriverFactory.AppTest"/>
</testsuite> <!-- DriverFactory.AppTest -->
